<?xml version="1.0" encoding="UTF-8"?>
<!-- Generated by org.testng.reporters.JUnitXMLReporter -->
<testsuite ignored="0" hostname="Rumpelstiltskin" failures="0" tests="6" name="SailPoint Automation Test Cases" time="101.11" errors="0" timestamp="30 Apr 2024 05:40:39 GMT">
  <testcase classname="com.crm.qa.testcases.RefreshIdentityCubeTaskTest" name="SingleIdentityRefreshTaskTest" time="25.539"/>
  <testcase classname="com.crm.qa.testcases.PerformMaintenanceTaskTest" name="PerformMaintenanceTaskTest" time="19.834"/>
  <testcase classname="com.crm.qa.testcases.ADAccountAggregationTaskTest" name="ADAccountAggregationTaskTest" time="14.439"/>
  <testcase classname="com.crm.qa.testcases.LoginPageTest" name="verifyPageTitleTest" time="0.011"/>
  <testcase classname="com.crm.qa.testcases.LoginPageTest" name="LoginToSailPointTest" time="4.041"/>
  <testcase classname="com.crm.qa.testcases.LoginPageTest" name="LogoutOfSailPointTest" time="5.408"/>
</testsuite> <!-- SailPoint Automation Test Cases -->
