<?xml version="1.0" encoding="UTF-8"?>
<!-- Generated by org.testng.reporters.JUnitXMLReporter -->
<testsuite ignored="0" hostname="Rumpelstiltskin" failures="0" tests="2" name="Free CRM App Test Cases" time="10.767" errors="0" timestamp="02 Apr 2024 08:57:21 GMT">
  <testcase classname="com.crm.qa.testcases.LoginPageTest" name="loginPageTitleTest" time="0.026"/>
  <testcase classname="com.crm.qa.testcases.LoginPageTest" name="loginTest" time="1.484"/>
</testsuite> <!-- Free CRM App Test Cases -->
