<?xml version="1.0" encoding="UTF-8"?>
<testng-results ignored="0" total="6" passed="6" failed="0" skipped="0">
  <reporter-output>
  </reporter-output>
  <suite started-at="2024-04-30T05:38:58Z" name="Amari Kai SailPoint Automation Test Suite" finished-at="2024-04-30T05:40:39Z" duration-ms="101110">
    <groups>
    </groups>
    <test started-at="2024-04-30T05:38:58Z" name="SailPoint Automation Test Cases" finished-at="2024-04-30T05:40:39Z" duration-ms="101110">
      <class name="com.crm.qa.testcases.LoginPageTest">
        <test-method is-config="true" signature="setUp()[pri:0, instance:com.crm.qa.testcases.LoginPageTest@5adb0db3]" started-at="2024-04-30T01:40:15Z" name="setUp" finished-at="2024-04-30T01:40:20Z" duration-ms="4555" status="PASS">
          <reporter-output>
          </reporter-output>
        </test-method> <!-- setUp -->
        <test-method signature="verifyPageTitleTest()[pri:1, instance:com.crm.qa.testcases.LoginPageTest@5adb0db3]" started-at="2024-04-30T01:40:20Z" name="verifyPageTitleTest" finished-at="2024-04-30T01:40:20Z" duration-ms="11" status="PASS">
          <reporter-output>
          </reporter-output>
        </test-method> <!-- verifyPageTitleTest -->
        <test-method is-config="true" signature="tearDown()[pri:0, instance:com.crm.qa.testcases.LoginPageTest@5adb0db3]" started-at="2024-04-30T01:40:20Z" name="tearDown" finished-at="2024-04-30T01:40:20Z" duration-ms="135" status="PASS">
          <reporter-output>
          </reporter-output>
        </test-method> <!-- tearDown -->
        <test-method is-config="true" signature="setUp()[pri:0, instance:com.crm.qa.testcases.LoginPageTest@5adb0db3]" started-at="2024-04-30T01:40:20Z" name="setUp" finished-at="2024-04-30T01:40:25Z" duration-ms="4731" status="PASS">
          <reporter-output>
          </reporter-output>
        </test-method> <!-- setUp -->
        <test-method signature="LoginToSailPointTest()[pri:2, instance:com.crm.qa.testcases.LoginPageTest@5adb0db3]" started-at="2024-04-30T01:40:25Z" name="LoginToSailPointTest" finished-at="2024-04-30T01:40:29Z" duration-ms="4041" status="PASS">
          <reporter-output>
          </reporter-output>
        </test-method> <!-- LoginToSailPointTest -->
        <test-method is-config="true" signature="tearDown()[pri:0, instance:com.crm.qa.testcases.LoginPageTest@5adb0db3]" started-at="2024-04-30T01:40:29Z" name="tearDown" finished-at="2024-04-30T01:40:29Z" duration-ms="169" status="PASS">
          <reporter-output>
          </reporter-output>
        </test-method> <!-- tearDown -->
        <test-method is-config="true" signature="setUp()[pri:0, instance:com.crm.qa.testcases.LoginPageTest@5adb0db3]" started-at="2024-04-30T01:40:29Z" name="setUp" finished-at="2024-04-30T01:40:33Z" duration-ms="4318" status="PASS">
          <reporter-output>
          </reporter-output>
        </test-method> <!-- setUp -->
        <test-method signature="LogoutOfSailPointTest()[pri:3, instance:com.crm.qa.testcases.LoginPageTest@5adb0db3]" started-at="2024-04-30T01:40:33Z" name="LogoutOfSailPointTest" finished-at="2024-04-30T01:40:39Z" duration-ms="5408" status="PASS">
          <reporter-output>
          </reporter-output>
        </test-method> <!-- LogoutOfSailPointTest -->
        <test-method is-config="true" signature="tearDown()[pri:0, instance:com.crm.qa.testcases.LoginPageTest@5adb0db3]" started-at="2024-04-30T01:40:39Z" name="tearDown" finished-at="2024-04-30T01:40:39Z" duration-ms="332" status="PASS">
          <reporter-output>
          </reporter-output>
        </test-method> <!-- tearDown -->
      </class> <!-- com.crm.qa.testcases.LoginPageTest -->
      <class name="com.crm.qa.testcases.RefreshIdentityCubeTaskTest">
        <test-method is-config="true" signature="setUp()[pri:0, instance:com.crm.qa.testcases.RefreshIdentityCubeTaskTest@3f270e0a]" started-at="2024-04-30T01:38:58Z" name="setUp" finished-at="2024-04-30T01:39:05Z" duration-ms="6915" status="PASS">
          <reporter-output>
          </reporter-output>
        </test-method> <!-- setUp -->
        <test-method signature="SingleIdentityRefreshTaskTest()[pri:0, instance:com.crm.qa.testcases.RefreshIdentityCubeTaskTest@3f270e0a]" started-at="2024-04-30T01:39:05Z" name="SingleIdentityRefreshTaskTest" finished-at="2024-04-30T01:39:31Z" duration-ms="25539" status="PASS">
          <reporter-output>
          </reporter-output>
        </test-method> <!-- SingleIdentityRefreshTaskTest -->
        <test-method is-config="true" signature="tearDown()[pri:0, instance:com.crm.qa.testcases.RefreshIdentityCubeTaskTest@3f270e0a]" started-at="2024-04-30T01:39:31Z" name="tearDown" finished-at="2024-04-30T01:39:31Z" duration-ms="402" status="PASS">
          <reporter-output>
          </reporter-output>
        </test-method> <!-- tearDown -->
      </class> <!-- com.crm.qa.testcases.RefreshIdentityCubeTaskTest -->
      <class name="com.crm.qa.testcases.ADAccountAggregationTaskTest">
        <test-method is-config="true" signature="setUp()[pri:0, instance:com.crm.qa.testcases.ADAccountAggregationTaskTest@7241a47d]" started-at="2024-04-30T01:39:55Z" name="setUp" finished-at="2024-04-30T01:40:00Z" duration-ms="4374" status="PASS">
          <reporter-output>
          </reporter-output>
        </test-method> <!-- setUp -->
        <test-method signature="ADAccountAggregationTaskTest()[pri:0, instance:com.crm.qa.testcases.ADAccountAggregationTaskTest@7241a47d]" started-at="2024-04-30T01:40:00Z" name="ADAccountAggregationTaskTest" finished-at="2024-04-30T01:40:14Z" duration-ms="14439" status="PASS">
          <reporter-output>
          </reporter-output>
        </test-method> <!-- ADAccountAggregationTaskTest -->
        <test-method is-config="true" signature="tearDown()[pri:0, instance:com.crm.qa.testcases.ADAccountAggregationTaskTest@7241a47d]" started-at="2024-04-30T01:40:14Z" name="tearDown" finished-at="2024-04-30T01:40:15Z" duration-ms="1212" status="PASS">
          <reporter-output>
          </reporter-output>
        </test-method> <!-- tearDown -->
      </class> <!-- com.crm.qa.testcases.ADAccountAggregationTaskTest -->
      <class name="com.crm.qa.testcases.PerformMaintenanceTaskTest">
        <test-method is-config="true" signature="setUp()[pri:0, instance:com.crm.qa.testcases.PerformMaintenanceTaskTest@1a760689]" started-at="2024-04-30T01:39:31Z" name="setUp" finished-at="2024-04-30T01:39:35Z" duration-ms="4395" status="PASS">
          <reporter-output>
          </reporter-output>
        </test-method> <!-- setUp -->
        <test-method signature="PerformMaintenanceTaskTest()[pri:0, instance:com.crm.qa.testcases.PerformMaintenanceTaskTest@1a760689]" started-at="2024-04-30T01:39:35Z" name="PerformMaintenanceTaskTest" finished-at="2024-04-30T01:39:55Z" duration-ms="19834" status="PASS">
          <reporter-output>
          </reporter-output>
        </test-method> <!-- PerformMaintenanceTaskTest -->
        <test-method is-config="true" signature="tearDown()[pri:0, instance:com.crm.qa.testcases.PerformMaintenanceTaskTest@1a760689]" started-at="2024-04-30T01:39:55Z" name="tearDown" finished-at="2024-04-30T01:39:55Z" duration-ms="267" status="PASS">
          <reporter-output>
          </reporter-output>
        </test-method> <!-- tearDown -->
      </class> <!-- com.crm.qa.testcases.PerformMaintenanceTaskTest -->
    </test> <!-- SailPoint Automation Test Cases -->
  </suite> <!-- Amari Kai SailPoint Automation Test Suite -->
</testng-results>
